Public Chat:2021/11/15 22H: 10M: 5S user:a length 4 
Private Message:2021/11/15 22H: 10M: 43S user:1ABCa$ private message to: a length: 12
Public Chat:2021/11/15 22H: 13M: 18S user:1ABCa$ length 0 
Game: 2021/11/15 22H: 14M: 5S winner: 1ABCa$
Private Message:2021/11/15 22H: 21M: 18S user:a private message to: a length: 8
Private Message:2021/11/15 22H: 21M: 28S user:a private message to: b length: 10
Private Message:2021/11/15 22H: 23M: 25S user:a private message to: b length: 20
Game: 2021/11/15 22H: 24M: 19S winner: tie
Game: 2021/11/15 22H: 24M: 31S winner: c
Private Message:2021/11/15 22H: 30M: 20S user:a private message to: b length: 33
Game: 2021/11/15 22H: 57M: 49S winner: b
Game: 2021/11/15 23H: 1M: 40S winner: a
Game: 2021/11/15 23H: 5M: 47S winner: tie
Game: 2021/11/15 23H: 8M: 43S winner: tie
Game: 2021/11/15 23H: 11M: 33S winner: tie
Game: 2021/11/15 23H: 12M: 54S winner: b
Game: 2021/11/15 23H: 15M: 43S winner: tie
Game: 2021/11/15 23H: 19M: 49S winner: tie
Game: 2021/11/15 23H: 24M: 3S winner: b
Game: 2021/11/15 23H: 24M: 21S winner: a
Game: 2021/11/15 23H: 33M: 11S winner: a
Game: 2021/11/15 23H: 33M: 22S winner: a
Game: 2021/11/15 23H: 41M: 7S winner: a
Game: 2021/11/15 23H: 41M: 19S winner: tie
Game: 2021/11/15 23H: 41M: 32S winner: tie
Private Message:2021/11/15 23H: 47M: 19S user:X0rage private message to: a length: 21
Game: 2021/11/15 23H: 50M: 28S winner: a
Game: 2021/11/15 23H: 50M: 38S winner: tie
