Game: 2022/1/14 21H: 30M: 5S winner: 21
Game: 2022/1/14 22H: 15M: 20S winner: 2043039
Game: 2022/1/14 22H: 15M: 34S winner: tie
Game: 2022/1/14 22H: 15M: 48S winner: 2043039
Public Chat:2022/1/14 22H: 18M: 8S user:234 length 4 
Public Chat:2022/1/14 22H: 18M: 46S user:234 length 0 
Game: 2022/1/14 22H: 19M: 2S winner: 2043039
Game: 2022/1/14 22H: 19M: 13S winner: 234
Game: 2022/1/14 22H: 20M: 44S winner: 1ABCa$
Game: 2022/1/14 22H: 20M: 54S winner: 1ABCa$
Game: 2022/1/14 22H: 21M: 5S winner: charles
Game: 2022/1/14 22H: 21M: 17S winner: tie
Game: 2022/1/14 22H: 36M: 11S winner: 23
Game: 2022/1/14 22H: 36M: 21S winner: tie
Game: 2022/1/14 22H: 44M: 7S winner: 2043039
Game: 2022/1/14 22H: 48M: 0S winner: 23
Game: 2022/1/14 23H: 6M: 0S winner: 2
Public Chat:2022/1/14 23H: 8M: 15S user:1 length 0 
Game: 2022/1/14 23H: 16M: 27S winner: 2
Game: 2022/1/14 23H: 42M: 35S winner: tie
Game: 2022/1/14 23H: 43M: 11S winner: 1
Game: 2022/1/14 23H: 43M: 22S winner: 1
Game: 2022/1/14 23H: 44M: 1S winner: 2
Game: 2022/1/14 23H: 44M: 12S winner: 1
Game: 2022/1/14 23H: 45M: 11S winner: charles
Game: 2022/1/14 23H: 45M: 20S winner: charles
Private Message:2022/1/14 23H: 45M: 35S user:X0rage private message to: X0rage length: 12
Private Message:2022/1/14 23H: 45M: 51S user:X0rage private message to: charles length: 16
Game: 2022/1/14 23H: 50M: 18S winner: X0rage
Game: 2022/1/14 23H: 51M: 34S winner: X0rage
Game: 2022/1/14 23H: 51M: 43S winner: X0rage
